
> coc-character-sheet@1.0.0 dev
> next dev

  ▲ Next.js 14.2.30
  - Local:        http://localhost:3000
  - Environments: .env.local
  - Experiments (use with caution):
    · esmExternals

 ✓ Starting...
 ✓ Ready in 736ms
 ○ Compiling /create ...
 ✓ Compiled /create in 1314ms (350 modules)
 GET /create 200 in 1522ms
 ✓ Compiled /404 in 133ms (354 modules)
 GET /.well-known/appspecific/com.chrome.devtools.json 404 in 151ms
 GET /create 200 in 51ms
 ✓ Compiled in 760ms (354 modules)
 GET /create 200 in 70ms
 GET /.well-known/appspecific/com.chrome.devtools.json 404 in 25ms
 ✓ Compiled in 774ms (350 modules)
 ✓ Compiled in 770ms (350 modules)
 ✓ Compiled in 825ms (350 modules)
 ✓ Compiled in 546ms (114 modules)
 GET /_next/data/development/create.json 200 in 52ms
 ✓ Compiled in 490ms (236 modules)
 ✓ Compiled in 961ms (350 modules)
 ✓ Compiled in 942ms (350 modules)
 ✓ Compiled in 1050ms (350 modules)
 ✓ Compiled in 475ms (350 modules)
 ✓ Compiled in 851ms (350 modules)
 ✓ Compiled in 830ms (350 modules)
 ✓ Compiled in 844ms (350 modules)
 ✓ Compiled in 851ms (350 modules)
 ✓ Compiled in 986ms (350 modules)
 ✓ Compiled in 452ms (236 modules)
 ✓ Compiled in 426ms (114 modules)
 ✓ Compiled in 968ms (350 modules)
 ✓ Compiled in 854ms (350 modules)
 ✓ Compiled in 834ms (350 modules)
 ✓ Compiled in 841ms (350 modules)
 ✓ Compiled in 825ms (350 modules)
 ✓ Compiled in 521ms (236 modules)
 ✓ Compiled in 460ms (114 modules)
 GET /_next/data/development/create.json 200 in 61ms
 ✓ Compiled in 518ms (236 modules)
 ✓ Compiled in 434ms (114 modules)
 GET /_next/data/development/create.json 200 in 51ms
 ✓ Compiled in 947ms (350 modules)
 ✓ Compiled in 971ms (350 modules)
 ✓ Compiled in 953ms (350 modules)
 ✓ Compiled in 468ms (114 modules)
 GET /_next/data/development/create.json 200 in 51ms
 ✓ Compiled in 500ms (236 modules)
 ✓ Compiled in 957ms (350 modules)
 ✓ Compiled in 521ms (236 modules)
 ✓ Compiled in 436ms (114 modules)
 GET /_next/data/development/create.json 200 in 47ms
 ✓ Compiled in 1013ms (350 modules)
 ✓ Compiled in 958ms (350 modules)
 ✓ Compiled in 971ms (350 modules)
 ✓ Compiled in 978ms (350 modules)
 ✓ Compiled in 942ms (350 modules)
 ✓ Compiled in 963ms (350 modules)
 ✓ Compiled in 1021ms (350 modules)
 ✓ Compiled in 943ms (350 modules)
 ✓ Compiled in 927ms (350 modules)
 ✓ Compiled in 936ms (350 modules)
 ✓ Compiled in 1009ms (350 modules)
 ✓ Compiled in 961ms (350 modules)
 ✓ Compiled in 1023ms (350 modules)
 ✓ Compiled in 977ms (350 modules)
 ✓ Compiled in 483ms (114 modules)
 GET /_next/data/development/create.json 200 in 61ms
 ✓ Compiled in 483ms (236 modules)
 ✓ Compiled in 946ms (350 modules)
 ✓ Compiled in 977ms (350 modules)
 ✓ Compiled in 939ms (350 modules)
 ✓ Compiled in 508ms (114 modules)
 GET /_next/data/development/create.json 200 in 61ms
 ✓ Compiled in 450ms (236 modules)
 ✓ Compiled in 950ms (350 modules)
 ✓ Compiled in 959ms (350 modules)
 ✓ Compiled in 940ms (350 modules)
 ✓ Compiled in 1038ms (350 modules)
 ✓ Compiled in 925ms (350 modules)
 ✓ Compiled in 410ms (114 modules)
 ✓ Compiled in 446ms (236 modules)
 ✓ Compiled in 1051ms (350 modules)
 ✓ Compiled in 945ms (350 modules)
 ✓ Compiled in 415ms (114 modules)
 ✓ Compiled in 434ms (236 modules)
 ✓ Compiled in 1008ms (350 modules)
 ✓ Compiled in 1046ms (350 modules)
 ✓ Compiled in 874ms (350 modules)
 ✓ Compiled in 1057ms (350 modules)
 ✓ Compiled in 1502ms (350 modules)
 ✓ Compiled in 422ms (236 modules)
 ✓ Compiled in 421ms (114 modules)
 ✓ Compiled in 662ms (350 modules)
 ✓ Compiled in 968ms (350 modules)
